0 info it worked if it ends with ok
1 verbose cli [ 'C:\\Program Files\\nodejs\\node.exe',
1 verbose cli   'C:\\Program Files\\nodejs\\node_modules\\npm\\bin\\npm-cli.js',
1 verbose cli   'run-script',
1 verbose cli   'test' ]
2 info using npm@3.10.10
3 info using node@v6.11.4
4 verbose run-script [ 'pretest', 'test', 'posttest' ]
5 info lifecycle almundo-frontend-exercise-api@1.0.0~pretest: almundo-frontend-exercise-api@1.0.0
6 silly lifecycle almundo-frontend-exercise-api@1.0.0~pretest: no script for pretest, continuing
7 info lifecycle almundo-frontend-exercise-api@1.0.0~test: almundo-frontend-exercise-api@1.0.0
8 verbose lifecycle almundo-frontend-exercise-api@1.0.0~test: unsafe-perm in lifecycle true
9 verbose lifecycle almundo-frontend-exercise-api@1.0.0~test: PATH: C:\Program Files\nodejs\node_modules\npm\bin\node-gyp-bin;F:\MisProyectos\almundo-frontend-exercise-api\node_modules\.bin;C:\ProgramData\Oracle\Java\javapath;C:\Program Files (x86)\Intel\iCLS Client\;C:\Program Files\Intel\iCLS Client\;C:\WINDOWS\system32;C:\WINDOWS;C:\WINDOWS\System32\Wbem;C:\WINDOWS\System32\WindowsPowerShell\v1.0\;C:\Program Files (x86)\Windows Live\Shared;C:\Program Files\Intel\Intel(R) Management Engine Components\DAL;C:\Program Files (x86)\Intel\Intel(R) Management Engine Components\DAL;C:\Program Files\Intel\Intel(R) Management Engine Components\IPT;C:\Program Files (x86)\Intel\Intel(R) Management Engine Components\IPT;C:\Program Files (x86)\scala\bin;C:\Program Files\Java\jdk1.8.0_60\bin;C:\Program Files\TortoiseGit\bin;C:\Program Files (x86)\MySQL\MySQL Fabric 1.5 & MySQL Utilities 1.5\;C:\Program Files (x86)\MySQL\MySQL Fabric 1.5 & MySQL Utilities 1.5\Doctrine extensions for PHP\;C:\Program Files\Java\jdk1.8.0_60\jre;C:\Python26;C:\mongodb\bin;C:\Program Files\TortoiseSVN\bin;C:\Users\usuario\AppData\Local\Programs\Git\cmd;C:\Program Files (x86)\Skype\Phone\;C:\Program Files\PuTTY\;C:\Program Files\nodejs\;C:\Ruby24-x64\bin;C:\Users\usuario\AppData\Local\.meteor\;F:\Gasper+Phantom\casperjs-casperjs-b4f7669\bin;F:\Gasper+Phantom\phantomjs-2.1.1-windows\bin;C:\Users\usuario\AppData\Local\atom\bin;C:\Users\usuario\Desktop\apache-ant-1.9.7\bin;C:\phantomjs\bin;C:\casperjs\bin;C:\slimerjs;C:\mongodb\bin\mongod.exe;C:\Users\usuario\AppData\Local\Programs\Git\cmd;C:\apache-maven-3.2.1\bin;C:\Program Files\Docker Toolbox;C:\Users\usuario\AppData\Roaming\npm
10 verbose lifecycle almundo-frontend-exercise-api@1.0.0~test: CWD: F:\MisProyectos\almundo-frontend-exercise-api
11 silly lifecycle almundo-frontend-exercise-api@1.0.0~test: Args: [ '/d /s /c', 'cross-env NODE_ENV=test && mocha --recursive' ]
12 silly lifecycle almundo-frontend-exercise-api@1.0.0~test: Returned: code: 1  signal: null
13 info lifecycle almundo-frontend-exercise-api@1.0.0~test: Failed to exec test script
14 verbose stack Error: almundo-frontend-exercise-api@1.0.0 test: `cross-env NODE_ENV=test && mocha --recursive`
14 verbose stack Exit status 1
14 verbose stack     at EventEmitter.<anonymous> (C:\Program Files\nodejs\node_modules\npm\lib\utils\lifecycle.js:255:16)
14 verbose stack     at emitTwo (events.js:106:13)
14 verbose stack     at EventEmitter.emit (events.js:191:7)
14 verbose stack     at ChildProcess.<anonymous> (C:\Program Files\nodejs\node_modules\npm\lib\utils\spawn.js:40:14)
14 verbose stack     at emitTwo (events.js:106:13)
14 verbose stack     at ChildProcess.emit (events.js:191:7)
14 verbose stack     at maybeClose (internal/child_process.js:920:16)
14 verbose stack     at Process.ChildProcess._handle.onexit (internal/child_process.js:230:5)
15 verbose pkgid almundo-frontend-exercise-api@1.0.0
16 verbose cwd F:\MisProyectos\almundo-frontend-exercise-api
17 error Windows_NT 10.0.10586
18 error argv "C:\\Program Files\\nodejs\\node.exe" "C:\\Program Files\\nodejs\\node_modules\\npm\\bin\\npm-cli.js" "run-script" "test"
19 error node v6.11.4
20 error npm  v3.10.10
21 error code ELIFECYCLE
22 error almundo-frontend-exercise-api@1.0.0 test: `cross-env NODE_ENV=test && mocha --recursive`
22 error Exit status 1
23 error Failed at the almundo-frontend-exercise-api@1.0.0 test script 'cross-env NODE_ENV=test && mocha --recursive'.
23 error Make sure you have the latest version of node.js and npm installed.
23 error If you do, this is most likely a problem with the almundo-frontend-exercise-api package,
23 error not with npm itself.
23 error Tell the author that this fails on your system:
23 error     cross-env NODE_ENV=test && mocha --recursive
23 error You can get information on how to open an issue for this project with:
23 error     npm bugs almundo-frontend-exercise-api
23 error Or if that isn't available, you can get their info via:
23 error     npm owner ls almundo-frontend-exercise-api
23 error There is likely additional logging output above.
24 verbose exit [ 1, true ]
